<?xml version="1.0"?>
<!DOCTYPE coverage SYSTEM "http://cobertura.sourceforge.net/xml/coverage-04.dtd">

<coverage line-rate="0.6144278606965174" branch-rate="0.33766233766233766" lines-covered="247" lines-valid="402" branches-covered="52" branches-valid="154" complexity="3.8333333333333335" version="2.1.1" timestamp="1497111813750">
	<sources>
		<source>--source</source>
		<source>/home/travis/build/universAAL/security/security.authorisator/src/main/java</source>
	</sources>
	<packages>
		<package name="org.universAAL.security.authorisator" line-rate="0.6548387096774193" branch-rate="0.3220338983050847" complexity="4.64">
			<classes>
				<class name="org.universAAL.security.authorisator.AuthorisatorCallee" filename="org/universAAL/security/authorisator/AuthorisatorCallee.java" line-rate="0.4943820224719101" branch-rate="0.29411764705882354" complexity="7.166666666666667">
					<methods>
						<method name="&lt;clinit&gt;" signature="()V" line-rate="1.0" branch-rate="1.0" complexity="0">
							<lines>
								<line number="55" hits="1" branch="false"/>
							</lines>
						</method>
						<method name="&lt;init&gt;" signature="(Lorg/universAAL/middleware/container/ModuleContext;[Lorg/universAAL/middleware/service/owls/profile/ServiceProfile;)V" line-rate="1.0" branch-rate="1.0" complexity="0">
							<lines>
								<line number="64" hits="1" branch="false"/>
								<line number="65" hits="1" branch="false"/>
								<line number="66" hits="1" branch="false"/>
								<line number="67" hits="1" branch="false"/>
								<line number="68" hits="1" branch="false"/>
								<line number="69" hits="1" branch="false"/>
								<line number="70" hits="1" branch="false"/>
							</lines>
						</method>
						<method name="communicationChannelBroken" signature="()V" line-rate="0.0" branch-rate="1.0" complexity="0">
							<lines>
								<line number="76" hits="0" branch="false"/>
							</lines>
						</method>
						<method name="copy" signature="(Lorg/universAAL/middleware/rdf/Resource;Ljava/lang/String;)Lorg/universAAL/middleware/rdf/Resource;" line-rate="0.0" branch-rate="0.0" complexity="0">
							<lines>
								<line number="230" hits="0" branch="false"/>
								<line number="231" hits="0" branch="true" condition-coverage="0% (0/2)">
									<conditions>
										<condition number="0" type="jump" coverage="0%"/>
									</conditions>
								</line>
								<line number="232" hits="0" branch="false"/>
								<line number="233" hits="0" branch="true" condition-coverage="0% (0/2)">
									<conditions>
										<condition number="0" type="jump" coverage="0%"/>
									</conditions>
								</line>
								<line number="234" hits="0" branch="false"/>
								<line number="235" hits="0" branch="false"/>
								<line number="236" hits="0" branch="false"/>
								<line number="237" hits="0" branch="false"/>
							</lines>
						</method>
						<method name="getAllObjectsOfType" signature="(Ljava/lang/String;)Ljava/lang/Object;" line-rate="0.38461538461538464" branch-rate="0.16666666666666666" complexity="0">
							<lines>
								<line number="320" hits="2" branch="false"/>
								<line number="321" hits="2" branch="false"/>
								<line number="323" hits="2" branch="true" condition-coverage="50% (1/2)">
									<conditions>
										<condition number="0" type="jump" coverage="50%"/>
									</conditions>
								</line>
								<line number="324" hits="0" branch="false"/>
								<line number="325" hits="0" branch="true" condition-coverage="0% (0/2)">
									<conditions>
										<condition number="0" type="jump" coverage="0%"/>
									</conditions>
								</line>
								<line number="326" hits="0" branch="false"/>
								<line number="327" hits="0" branch="true" condition-coverage="0% (0/2)">
									<conditions>
										<condition number="0" type="jump" coverage="0%"/>
									</conditions>
								</line>
								<line number="328" hits="0" branch="false"/>
								<line number="329" hits="0" branch="false"/>
								<line number="330" hits="0" branch="false"/>
								<line number="332" hits="0" branch="false"/>
								<line number="335" hits="2" branch="false"/>
								<line number="337" hits="2" branch="false"/>
							</lines>
						</method>
						<method name="handleCall" signature="(Lorg/universAAL/middleware/service/ServiceCall;)Lorg/universAAL/middleware/service/ServiceResponse;" line-rate="0.6813186813186813" branch-rate="0.5576923076923077" complexity="0">
							<lines>
								<line number="81" hits="14" branch="false"/>
								<line number="82" hits="14" branch="true" condition-coverage="100% (2/2)">
									<conditions>
										<condition number="0" type="jump" coverage="100%"/>
									</conditions>
								</line>
								<line number="83" hits="1" branch="false"/>
								<line number="84" hits="1" branch="false"/>
								<line number="86" hits="1" branch="false"/>
								<line number="89" hits="1" branch="true" condition-coverage="0% (0/2)">
									<conditions>
										<condition number="0" type="jump" coverage="0%"/>
									</conditions>
								</line>
								<line number="90" hits="0" branch="false"/>
								<line number="92" hits="0" branch="false"/>
								<line number="94" hits="13" branch="true" condition-coverage="100% (2/2)">
									<conditions>
										<condition number="0" type="jump" coverage="100%"/>
									</conditions>
								</line>
								<line number="95" hits="1" branch="false"/>
								<line number="96" hits="1" branch="false"/>
								<line number="98" hits="1" branch="false"/>
								<line number="99" hits="1" branch="false"/>
								<line number="100" hits="1" branch="false"/>
								<line number="103" hits="1" branch="true" condition-coverage="0% (0/2)">
									<conditions>
										<condition number="0" type="jump" coverage="0%"/>
									</conditions>
								</line>
								<line number="104" hits="0" branch="false"/>
								<line number="106" hits="0" branch="false"/>
								<line number="109" hits="12" branch="true" condition-coverage="100% (2/2)">
									<conditions>
										<condition number="0" type="jump" coverage="100%"/>
									</conditions>
								</line>
								<line number="110" hits="1" branch="false"/>
								<line number="111" hits="1" branch="false"/>
								<line number="113" hits="1" branch="false"/>
								<line number="116" hits="1" branch="true" condition-coverage="0% (0/2)">
									<conditions>
										<condition number="0" type="jump" coverage="0%"/>
									</conditions>
								</line>
								<line number="117" hits="0" branch="false"/>
								<line number="119" hits="0" branch="false"/>
								<line number="121" hits="11" branch="true" condition-coverage="100% (2/2)">
									<conditions>
										<condition number="0" type="jump" coverage="100%"/>
									</conditions>
								</line>
								<line number="122" hits="1" branch="false"/>
								<line number="123" hits="1" branch="false"/>
								<line number="125" hits="1" branch="false"/>
								<line number="128" hits="1" branch="true" condition-coverage="0% (0/2)">
									<conditions>
										<condition number="0" type="jump" coverage="0%"/>
									</conditions>
								</line>
								<line number="129" hits="0" branch="false"/>
								<line number="131" hits="0" branch="false"/>
								<line number="134" hits="10" branch="true" condition-coverage="100% (2/2)">
									<conditions>
										<condition number="0" type="jump" coverage="100%"/>
									</conditions>
								</line>
								<line number="135" hits="1" branch="false"/>
								<line number="138" hits="1" branch="true" condition-coverage="0% (0/2)">
									<conditions>
										<condition number="0" type="jump" coverage="0%"/>
									</conditions>
								</line>
								<line number="139" hits="0" branch="false"/>
								<line number="141" hits="0" branch="false"/>
								<line number="143" hits="9" branch="true" condition-coverage="100% (2/2)">
									<conditions>
										<condition number="0" type="jump" coverage="100%"/>
									</conditions>
								</line>
								<line number="144" hits="1" branch="false"/>
								<line number="145" hits="1" branch="true" condition-coverage="50% (1/2)">
									<conditions>
										<condition number="0" type="jump" coverage="50%"/>
									</conditions>
								</line>
								<line number="146" hits="0" branch="false"/>
								<line number="147" hits="0" branch="false"/>
								<line number="148" hits="0" branch="false"/>
								<line number="149" hits="0" branch="false"/>
								<line number="151" hits="1" branch="false"/>
								<line number="154" hits="8" branch="true" condition-coverage="100% (2/2)">
									<conditions>
										<condition number="0" type="jump" coverage="100%"/>
									</conditions>
								</line>
								<line number="155" hits="1" branch="false"/>
								<line number="156" hits="1" branch="false"/>
								<line number="158" hits="1" branch="false"/>
								<line number="161" hits="1" branch="true" condition-coverage="0% (0/2)">
									<conditions>
										<condition number="0" type="jump" coverage="0%"/>
									</conditions>
								</line>
								<line number="162" hits="0" branch="false"/>
								<line number="164" hits="0" branch="false"/>
								<line number="166" hits="7" branch="true" condition-coverage="100% (2/2)">
									<conditions>
										<condition number="0" type="jump" coverage="100%"/>
									</conditions>
								</line>
								<line number="167" hits="1" branch="false"/>
								<line number="168" hits="1" branch="false"/>
								<line number="170" hits="1" branch="false"/>
								<line number="173" hits="1" branch="true" condition-coverage="0% (0/2)">
									<conditions>
										<condition number="0" type="jump" coverage="0%"/>
									</conditions>
								</line>
								<line number="174" hits="0" branch="false"/>
								<line number="176" hits="0" branch="false"/>
								<line number="178" hits="6" branch="true" condition-coverage="100% (2/2)">
									<conditions>
										<condition number="0" type="jump" coverage="100%"/>
									</conditions>
								</line>
								<line number="179" hits="1" branch="false"/>
								<line number="182" hits="1" branch="true" condition-coverage="0% (0/2)">
									<conditions>
										<condition number="0" type="jump" coverage="0%"/>
									</conditions>
								</line>
								<line number="183" hits="0" branch="false"/>
								<line number="185" hits="0" branch="false"/>
								<line number="187" hits="5" branch="true" condition-coverage="100% (2/2)">
									<conditions>
										<condition number="0" type="jump" coverage="100%"/>
									</conditions>
								</line>
								<line number="188" hits="1" branch="false"/>
								<line number="189" hits="1" branch="true" condition-coverage="50% (1/2)">
									<conditions>
										<condition number="0" type="jump" coverage="50%"/>
									</conditions>
								</line>
								<line number="190" hits="0" branch="false"/>
								<line number="191" hits="0" branch="false"/>
								<line number="192" hits="0" branch="false"/>
								<line number="193" hits="0" branch="false"/>
								<line number="195" hits="1" branch="false"/>
								<line number="198" hits="4" branch="true" condition-coverage="50% (1/2)">
									<conditions>
										<condition number="0" type="jump" coverage="50%"/>
									</conditions>
								</line>
								<line number="200" hits="4" branch="false"/>
								<line number="201" hits="4" branch="true" condition-coverage="50% (1/2)">
									<conditions>
										<condition number="0" type="jump" coverage="50%"/>
									</conditions>
								</line>
								<line number="202" hits="0" branch="false"/>
								<line number="204" hits="4" branch="true" condition-coverage="50% (2/4)">
									<conditions>
										<condition number="0" type="jump" coverage="50%"/>
										<condition number="1" type="jump" coverage="50%"/>
									</conditions>
								</line>
								<line number="205" hits="0" branch="false"/>
								<line number="208" hits="4" branch="false"/>
								<line number="209" hits="4" branch="false"/>
								<line number="210" hits="4" branch="true" condition-coverage="100% (2/2)">
									<conditions>
										<condition number="0" type="jump" coverage="100%"/>
									</conditions>
								</line>
								<line number="211" hits="8" branch="false"/>
								<line number="212" hits="8" branch="false"/>
								<line number="214" hits="4" branch="false"/>
								<line number="215" hits="8" branch="false"/>
								<line number="216" hits="4" branch="false"/>
								<line number="217" hits="4" branch="true" condition-coverage="50% (1/2)">
									<conditions>
										<condition number="0" type="jump" coverage="50%"/>
									</conditions>
								</line>
								<line number="218" hits="0" branch="false"/>
								<line number="219" hits="0" branch="false"/>
								<line number="221" hits="4" branch="false"/>
								<line number="222" hits="4" branch="false"/>
								<line number="226" hits="0" branch="false"/>
							</lines>
						</method>
						<method name="hasProperty" signature="(Ljava/lang/String;Ljava/lang/String;)Z" line-rate="0.6666666666666666" branch-rate="1.0" complexity="0">
							<lines>
								<line number="241" hits="12" branch="false"/>
								<line number="242" hits="6" branch="false"/>
								<line number="243" hits="0" branch="false"/>
							</lines>
						</method>
						<method name="registerChecker" signature="(Lorg/universAAL/security/authorisator/interfaces/AccessChecker;)V" line-rate="1.0" branch-rate="1.0" complexity="0">
							<lines>
								<line number="342" hits="2" branch="false"/>
								<line number="343" hits="2" branch="false"/>
								<line number="344" hits="2" branch="false"/>
								<line number="345" hits="2" branch="false"/>
							</lines>
						</method>
						<method name="setProperty" signature="(Lorg/universAAL/middleware/rdf/Resource;Ljava/lang/String;)Z" line-rate="0.0" branch-rate="0.0" complexity="0">
							<lines>
								<line number="248" hits="0" branch="false"/>
								<line number="249" hits="0" branch="true" condition-coverage="0% (0/2)">
									<conditions>
										<condition number="0" type="jump" coverage="0%"/>
									</conditions>
								</line>
								<line number="251" hits="0" branch="false"/>
								<line number="252" hits="0" branch="false"/>
								<line number="253" hits="0" branch="true" condition-coverage="0% (0/6)">
									<conditions>
										<condition number="0" type="jump" coverage="0%"/>
										<condition number="1" type="jump" coverage="0%"/>
										<condition number="2" type="jump" coverage="0%"/>
									</conditions>
								</line>
								<line number="255" hits="0" branch="false"/>
								<line number="256" hits="0" branch="true" condition-coverage="0% (0/2)">
									<conditions>
										<condition number="0" type="jump" coverage="0%"/>
									</conditions>
								</line>
								<line number="257" hits="0" branch="true" condition-coverage="0% (0/2)">
									<conditions>
										<condition number="0" type="jump" coverage="0%"/>
									</conditions>
								</line>
								<line number="258" hits="0" branch="false"/>
								<line number="259" hits="0" branch="false"/>
								<line number="261" hits="0" branch="false"/>
								<line number="265" hits="0" branch="false"/>
								<line number="267" hits="0" branch="false"/>
								<line number="269" hits="0" branch="false"/>
								<line number="270" hits="0" branch="false"/>
								<line number="271" hits="0" branch="false"/>
								<line number="272" hits="0" branch="false"/>
								<line number="273" hits="0" branch="true" condition-coverage="0% (0/6)">
									<conditions>
										<condition number="0" type="jump" coverage="0%"/>
										<condition number="1" type="jump" coverage="0%"/>
										<condition number="2" type="jump" coverage="0%"/>
									</conditions>
								</line>
							</lines>
						</method>
						<method name="unregisterChecker" signature="(Ljava/lang/Class;)V" line-rate="0.0" branch-rate="0.0" complexity="0">
							<lines>
								<line number="354" hits="0" branch="true" condition-coverage="0% (0/2)">
									<conditions>
										<condition number="0" type="jump" coverage="0%"/>
									</conditions>
								</line>
								<line number="355" hits="0" branch="true" condition-coverage="0% (0/2)">
									<conditions>
										<condition number="0" type="jump" coverage="0%"/>
									</conditions>
								</line>
								<line number="356" hits="0" branch="false"/>
								<line number="358" hits="0" branch="false"/>
								<line number="359" hits="0" branch="false"/>
							</lines>
						</method>
						<method name="unregisterChecker" signature="(Lorg/universAAL/security/authorisator/interfaces/AccessChecker;)V" line-rate="0.0" branch-rate="1.0" complexity="0">
							<lines>
								<line number="348" hits="0" branch="false"/>
								<line number="349" hits="0" branch="false"/>
								<line number="350" hits="0" branch="false"/>
								<line number="351" hits="0" branch="false"/>
							</lines>
						</method>
						<method name="updateObject" signature="(Lorg/universAAL/middleware/rdf/Resource;)Z" line-rate="0.8571428571428571" branch-rate="0.0" complexity="0">
							<lines>
								<line number="308" hits="2" branch="false"/>
								<line number="310" hits="2" branch="false"/>
								<line number="312" hits="2" branch="false"/>
								<line number="313" hits="2" branch="false"/>
								<line number="314" hits="4" branch="false"/>
								<line number="315" hits="2" branch="false"/>
								<line number="316" hits="0" branch="true" condition-coverage="0% (0/6)">
									<conditions>
										<condition number="0" type="jump" coverage="0%"/>
										<condition number="1" type="jump" coverage="0%"/>
										<condition number="2" type="jump" coverage="0%"/>
									</conditions>
								</line>
							</lines>
						</method>
						<method name="updateProperty" signature="(Lorg/universAAL/middleware/rdf/Resource;Ljava/lang/String;)Z" line-rate="0.0625" branch-rate="0.0" complexity="0">
							<lines>
								<line number="279" hits="6" branch="true" condition-coverage="0% (0/2)">
									<conditions>
										<condition number="0" type="jump" coverage="0%"/>
									</conditions>
								</line>
								<line number="280" hits="0" branch="false"/>
								<line number="283" hits="0" branch="false"/>
								<line number="285" hits="0" branch="false"/>
								<line number="286" hits="0" branch="true" condition-coverage="0% (0/2)">
									<conditions>
										<condition number="0" type="jump" coverage="0%"/>
									</conditions>
								</line>
								<line number="287" hits="0" branch="true" condition-coverage="0% (0/2)">
									<conditions>
										<condition number="0" type="jump" coverage="0%"/>
									</conditions>
								</line>
								<line number="288" hits="0" branch="false"/>
								<line number="289" hits="0" branch="false"/>
								<line number="291" hits="0" branch="false"/>
								<line number="295" hits="0" branch="false"/>
								<line number="297" hits="0" branch="false"/>
								<line number="299" hits="0" branch="false"/>
								<line number="300" hits="0" branch="false"/>
								<line number="301" hits="0" branch="false"/>
								<line number="302" hits="0" branch="false"/>
								<line number="303" hits="0" branch="true" condition-coverage="0% (0/6)">
									<conditions>
										<condition number="0" type="jump" coverage="0%"/>
										<condition number="1" type="jump" coverage="0%"/>
										<condition number="2" type="jump" coverage="0%"/>
									</conditions>
								</line>
							</lines>
						</method>
					</methods>
					<lines>
						<line number="55" hits="1" branch="false"/>
						<line number="64" hits="1" branch="false"/>
						<line number="65" hits="1" branch="false"/>
						<line number="66" hits="1" branch="false"/>
						<line number="67" hits="1" branch="false"/>
						<line number="68" hits="1" branch="false"/>
						<line number="69" hits="1" branch="false"/>
						<line number="70" hits="1" branch="false"/>
						<line number="76" hits="0" branch="false"/>
						<line number="81" hits="14" branch="false"/>
						<line number="82" hits="14" branch="true" condition-coverage="100% (2/2)">
							<conditions>
								<condition number="0" type="jump" coverage="100%"/>
							</conditions>
						</line>
						<line number="83" hits="1" branch="false"/>
						<line number="84" hits="1" branch="false"/>
						<line number="86" hits="1" branch="false"/>
						<line number="89" hits="1" branch="true" condition-coverage="0% (0/2)">
							<conditions>
								<condition number="0" type="jump" coverage="0%"/>
							</conditions>
						</line>
						<line number="90" hits="0" branch="false"/>
						<line number="92" hits="0" branch="false"/>
						<line number="94" hits="13" branch="true" condition-coverage="100% (2/2)">
							<conditions>
								<condition number="0" type="jump" coverage="100%"/>
							</conditions>
						</line>
						<line number="95" hits="1" branch="false"/>
						<line number="96" hits="1" branch="false"/>
						<line number="98" hits="1" branch="false"/>
						<line number="99" hits="1" branch="false"/>
						<line number="100" hits="1" branch="false"/>
						<line number="103" hits="1" branch="true" condition-coverage="0% (0/2)">
							<conditions>
								<condition number="0" type="jump" coverage="0%"/>
							</conditions>
						</line>
						<line number="104" hits="0" branch="false"/>
						<line number="106" hits="0" branch="false"/>
						<line number="109" hits="12" branch="true" condition-coverage="100% (2/2)">
							<conditions>
								<condition number="0" type="jump" coverage="100%"/>
							</conditions>
						</line>
						<line number="110" hits="1" branch="false"/>
						<line number="111" hits="1" branch="false"/>
						<line number="113" hits="1" branch="false"/>
						<line number="116" hits="1" branch="true" condition-coverage="0% (0/2)">
							<conditions>
								<condition number="0" type="jump" coverage="0%"/>
							</conditions>
						</line>
						<line number="117" hits="0" branch="false"/>
						<line number="119" hits="0" branch="false"/>
						<line number="121" hits="11" branch="true" condition-coverage="100% (2/2)">
							<conditions>
								<condition number="0" type="jump" coverage="100%"/>
							</conditions>
						</line>
						<line number="122" hits="1" branch="false"/>
						<line number="123" hits="1" branch="false"/>
						<line number="125" hits="1" branch="false"/>
						<line number="128" hits="1" branch="true" condition-coverage="0% (0/2)">
							<conditions>
								<condition number="0" type="jump" coverage="0%"/>
							</conditions>
						</line>
						<line number="129" hits="0" branch="false"/>
						<line number="131" hits="0" branch="false"/>
						<line number="134" hits="10" branch="true" condition-coverage="100% (2/2)">
							<conditions>
								<condition number="0" type="jump" coverage="100%"/>
							</conditions>
						</line>
						<line number="135" hits="1" branch="false"/>
						<line number="138" hits="1" branch="true" condition-coverage="0% (0/2)">
							<conditions>
								<condition number="0" type="jump" coverage="0%"/>
							</conditions>
						</line>
						<line number="139" hits="0" branch="false"/>
						<line number="141" hits="0" branch="false"/>
						<line number="143" hits="9" branch="true" condition-coverage="100% (2/2)">
							<conditions>
								<condition number="0" type="jump" coverage="100%"/>
							</conditions>
						</line>
						<line number="144" hits="1" branch="false"/>
						<line number="145" hits="1" branch="true" condition-coverage="50% (1/2)">
							<conditions>
								<condition number="0" type="jump" coverage="50%"/>
							</conditions>
						</line>
						<line number="146" hits="0" branch="false"/>
						<line number="147" hits="0" branch="false"/>
						<line number="148" hits="0" branch="false"/>
						<line number="149" hits="0" branch="false"/>
						<line number="151" hits="1" branch="false"/>
						<line number="154" hits="8" branch="true" condition-coverage="100% (2/2)">
							<conditions>
								<condition number="0" type="jump" coverage="100%"/>
							</conditions>
						</line>
						<line number="155" hits="1" branch="false"/>
						<line number="156" hits="1" branch="false"/>
						<line number="158" hits="1" branch="false"/>
						<line number="161" hits="1" branch="true" condition-coverage="0% (0/2)">
							<conditions>
								<condition number="0" type="jump" coverage="0%"/>
							</conditions>
						</line>
						<line number="162" hits="0" branch="false"/>
						<line number="164" hits="0" branch="false"/>
						<line number="166" hits="7" branch="true" condition-coverage="100% (2/2)">
							<conditions>
								<condition number="0" type="jump" coverage="100%"/>
							</conditions>
						</line>
						<line number="167" hits="1" branch="false"/>
						<line number="168" hits="1" branch="false"/>
						<line number="170" hits="1" branch="false"/>
						<line number="173" hits="1" branch="true" condition-coverage="0% (0/2)">
							<conditions>
								<condition number="0" type="jump" coverage="0%"/>
							</conditions>
						</line>
						<line number="174" hits="0" branch="false"/>
						<line number="176" hits="0" branch="false"/>
						<line number="178" hits="6" branch="true" condition-coverage="100% (2/2)">
							<conditions>
								<condition number="0" type="jump" coverage="100%"/>
							</conditions>
						</line>
						<line number="179" hits="1" branch="false"/>
						<line number="182" hits="1" branch="true" condition-coverage="0% (0/2)">
							<conditions>
								<condition number="0" type="jump" coverage="0%"/>
							</conditions>
						</line>
						<line number="183" hits="0" branch="false"/>
						<line number="185" hits="0" branch="false"/>
						<line number="187" hits="5" branch="true" condition-coverage="100% (2/2)">
							<conditions>
								<condition number="0" type="jump" coverage="100%"/>
							</conditions>
						</line>
						<line number="188" hits="1" branch="false"/>
						<line number="189" hits="1" branch="true" condition-coverage="50% (1/2)">
							<conditions>
								<condition number="0" type="jump" coverage="50%"/>
							</conditions>
						</line>
						<line number="190" hits="0" branch="false"/>
						<line number="191" hits="0" branch="false"/>
						<line number="192" hits="0" branch="false"/>
						<line number="193" hits="0" branch="false"/>
						<line number="195" hits="1" branch="false"/>
						<line number="198" hits="4" branch="true" condition-coverage="50% (1/2)">
							<conditions>
								<condition number="0" type="jump" coverage="50%"/>
							</conditions>
						</line>
						<line number="200" hits="4" branch="false"/>
						<line number="201" hits="4" branch="true" condition-coverage="50% (1/2)">
							<conditions>
								<condition number="0" type="jump" coverage="50%"/>
							</conditions>
						</line>
						<line number="202" hits="0" branch="false"/>
						<line number="204" hits="4" branch="true" condition-coverage="50% (2/4)">
							<conditions>
								<condition number="0" type="jump" coverage="50%"/>
								<condition number="1" type="jump" coverage="50%"/>
							</conditions>
						</line>
						<line number="205" hits="0" branch="false"/>
						<line number="208" hits="4" branch="false"/>
						<line number="209" hits="4" branch="false"/>
						<line number="210" hits="4" branch="true" condition-coverage="100% (2/2)">
							<conditions>
								<condition number="0" type="jump" coverage="100%"/>
							</conditions>
						</line>
						<line number="211" hits="8" branch="false"/>
						<line number="212" hits="8" branch="false"/>
						<line number="214" hits="4" branch="false"/>
						<line number="215" hits="8" branch="false"/>
						<line number="216" hits="4" branch="false"/>
						<line number="217" hits="4" branch="true" condition-coverage="50% (1/2)">
							<conditions>
								<condition number="0" type="jump" coverage="50%"/>
							</conditions>
						</line>
						<line number="218" hits="0" branch="false"/>
						<line number="219" hits="0" branch="false"/>
						<line number="221" hits="4" branch="false"/>
						<line number="222" hits="4" branch="false"/>
						<line number="226" hits="0" branch="false"/>
						<line number="230" hits="0" branch="false"/>
						<line number="231" hits="0" branch="true" condition-coverage="0% (0/2)">
							<conditions>
								<condition number="0" type="jump" coverage="0%"/>
							</conditions>
						</line>
						<line number="232" hits="0" branch="false"/>
						<line number="233" hits="0" branch="true" condition-coverage="0% (0/2)">
							<conditions>
								<condition number="0" type="jump" coverage="0%"/>
							</conditions>
						</line>
						<line number="234" hits="0" branch="false"/>
						<line number="235" hits="0" branch="false"/>
						<line number="236" hits="0" branch="false"/>
						<line number="237" hits="0" branch="false"/>
						<line number="241" hits="12" branch="false"/>
						<line number="242" hits="6" branch="false"/>
						<line number="243" hits="0" branch="false"/>
						<line number="248" hits="0" branch="false"/>
						<line number="249" hits="0" branch="true" condition-coverage="0% (0/2)">
							<conditions>
								<condition number="0" type="jump" coverage="0%"/>
							</conditions>
						</line>
						<line number="251" hits="0" branch="false"/>
						<line number="252" hits="0" branch="false"/>
						<line number="253" hits="0" branch="true" condition-coverage="0% (0/6)">
							<conditions>
								<condition number="0" type="jump" coverage="0%"/>
								<condition number="1" type="jump" coverage="0%"/>
								<condition number="2" type="jump" coverage="0%"/>
							</conditions>
						</line>
						<line number="255" hits="0" branch="false"/>
						<line number="256" hits="0" branch="true" condition-coverage="0% (0/2)">
							<conditions>
								<condition number="0" type="jump" coverage="0%"/>
							</conditions>
						</line>
						<line number="257" hits="0" branch="true" condition-coverage="0% (0/2)">
							<conditions>
								<condition number="0" type="jump" coverage="0%"/>
							</conditions>
						</line>
						<line number="258" hits="0" branch="false"/>
						<line number="259" hits="0" branch="false"/>
						<line number="261" hits="0" branch="false"/>
						<line number="265" hits="0" branch="false"/>
						<line number="267" hits="0" branch="false"/>
						<line number="269" hits="0" branch="false"/>
						<line number="270" hits="0" branch="false"/>
						<line number="271" hits="0" branch="false"/>
						<line number="272" hits="0" branch="false"/>
						<line number="273" hits="0" branch="true" condition-coverage="0% (0/6)">
							<conditions>
								<condition number="0" type="jump" coverage="0%"/>
								<condition number="1" type="jump" coverage="0%"/>
								<condition number="2" type="jump" coverage="0%"/>
							</conditions>
						</line>
						<line number="279" hits="6" branch="true" condition-coverage="0% (0/2)">
							<conditions>
								<condition number="0" type="jump" coverage="0%"/>
							</conditions>
						</line>
						<line number="280" hits="0" branch="false"/>
						<line number="283" hits="0" branch="false"/>
						<line number="285" hits="0" branch="false"/>
						<line number="286" hits="0" branch="true" condition-coverage="0% (0/2)">
							<conditions>
								<condition number="0" type="jump" coverage="0%"/>
							</conditions>
						</line>
						<line number="287" hits="0" branch="true" condition-coverage="0% (0/2)">
							<conditions>
								<condition number="0" type="jump" coverage="0%"/>
							</conditions>
						</line>
						<line number="288" hits="0" branch="false"/>
						<line number="289" hits="0" branch="false"/>
						<line number="291" hits="0" branch="false"/>
						<line number="295" hits="0" branch="false"/>
						<line number="297" hits="0" branch="false"/>
						<line number="299" hits="0" branch="false"/>
						<line number="300" hits="0" branch="false"/>
						<line number="301" hits="0" branch="false"/>
						<line number="302" hits="0" branch="false"/>
						<line number="303" hits="0" branch="true" condition-coverage="0% (0/6)">
							<conditions>
								<condition number="0" type="jump" coverage="0%"/>
								<condition number="1" type="jump" coverage="0%"/>
								<condition number="2" type="jump" coverage="0%"/>
							</conditions>
						</line>
						<line number="308" hits="2" branch="false"/>
						<line number="310" hits="2" branch="false"/>
						<line number="312" hits="2" branch="false"/>
						<line number="313" hits="2" branch="false"/>
						<line number="314" hits="4" branch="false"/>
						<line number="315" hits="2" branch="false"/>
						<line number="316" hits="0" branch="true" condition-coverage="0% (0/6)">
							<conditions>
								<condition number="0" type="jump" coverage="0%"/>
								<condition number="1" type="jump" coverage="0%"/>
								<condition number="2" type="jump" coverage="0%"/>
							</conditions>
						</line>
						<line number="320" hits="2" branch="false"/>
						<line number="321" hits="2" branch="false"/>
						<line number="323" hits="2" branch="true" condition-coverage="50% (1/2)">
							<conditions>
								<condition number="0" type="jump" coverage="50%"/>
							</conditions>
						</line>
						<line number="324" hits="0" branch="false"/>
						<line number="325" hits="0" branch="true" condition-coverage="0% (0/2)">
							<conditions>
								<condition number="0" type="jump" coverage="0%"/>
							</conditions>
						</line>
						<line number="326" hits="0" branch="false"/>
						<line number="327" hits="0" branch="true" condition-coverage="0% (0/2)">
							<conditions>
								<condition number="0" type="jump" coverage="0%"/>
							</conditions>
						</line>
						<line number="328" hits="0" branch="false"/>
						<line number="329" hits="0" branch="false"/>
						<line number="330" hits="0" branch="false"/>
						<line number="332" hits="0" branch="false"/>
						<line number="335" hits="2" branch="false"/>
						<line number="337" hits="2" branch="false"/>
						<line number="342" hits="2" branch="false"/>
						<line number="343" hits="2" branch="false"/>
						<line number="344" hits="2" branch="false"/>
						<line number="345" hits="2" branch="false"/>
						<line number="348" hits="0" branch="false"/>
						<line number="349" hits="0" branch="false"/>
						<line number="350" hits="0" branch="false"/>
						<line number="351" hits="0" branch="false"/>
						<line number="354" hits="0" branch="true" condition-coverage="0% (0/2)">
							<conditions>
								<condition number="0" type="jump" coverage="0%"/>
							</conditions>
						</line>
						<line number="355" hits="0" branch="true" condition-coverage="0% (0/2)">
							<conditions>
								<condition number="0" type="jump" coverage="0%"/>
							</conditions>
						</line>
						<line number="356" hits="0" branch="false"/>
						<line number="358" hits="0" branch="false"/>
						<line number="359" hits="0" branch="false"/>
					</lines>
				</class>
				<class name="org.universAAL.security.authorisator.CHeQuerrier" filename="org/universAAL/security/authorisator/CHeQuerrier.java" line-rate="0.7843137254901961" branch-rate="0.4166666666666667" complexity="2.2222222222222223">
					<methods>
						<method name="&lt;init&gt;" signature="(Lorg/universAAL/middleware/container/ModuleContext;)V" line-rate="1.0" branch-rate="1.0" complexity="0">
							<lines>
								<line number="57" hits="2" branch="false"/>
								<line number="58" hits="2" branch="false"/>
								<line number="59" hits="2" branch="false"/>
								<line number="60" hits="2" branch="false"/>
								<line number="61" hits="2" branch="false"/>
							</lines>
						</method>
						<method name="gURI" signature="()Ljava/lang/String;" line-rate="1.0" branch-rate="1.0" complexity="0">
							<lines>
								<line number="64" hits="14" branch="false"/>
							</lines>
						</method>
						<method name="getFullResourceGraph" signature="(Ljava/lang/String;)Lorg/universAAL/middleware/rdf/Resource;" line-rate="0.0" branch-rate="1.0" complexity="0">
							<lines>
								<line number="151" hits="0" branch="false"/>
								<line number="154" hits="0" branch="false"/>
								<line number="155" hits="0" branch="false"/>
								<line number="156" hits="0" branch="false"/>
								<line number="157" hits="0" branch="false"/>
							</lines>
						</method>
						<method name="getQuery" signature="(Ljava/io/InputStream;[Ljava/lang/String;)Ljava/lang/String;" line-rate="0.875" branch-rate="1.0" complexity="0">
							<lines>
								<line number="108" hits="15" branch="false"/>
								<line number="110" hits="15" branch="false"/>
								<line number="111" hits="15" branch="false"/>
								<line number="112" hits="0" branch="false"/>
								<line number="117" hits="15" branch="false"/>
								<line number="118" hits="51" branch="true" condition-coverage="100% (2/2)">
									<conditions>
										<condition number="0" type="jump" coverage="100%"/>
									</conditions>
								</line>
								<line number="119" hits="36" branch="false"/>
								<line number="121" hits="15" branch="false"/>
							</lines>
						</method>
						<method name="getResource" signature="(Ljava/lang/String;)Ljava/io/InputStream;" line-rate="1.0" branch-rate="1.0" complexity="0">
							<lines>
								<line number="104" hits="15" branch="false"/>
							</lines>
						</method>
						<method name="getSerializer" signature="()Lorg/universAAL/middleware/serialization/MessageContentSerializerEx;" line-rate="1.0" branch-rate="1.0" complexity="0">
							<lines>
								<line number="100" hits="20" branch="false"/>
							</lines>
						</method>
						<method name="query" signature="(Ljava/lang/String;)Ljava/lang/Object;" line-rate="0.75" branch-rate="1.0" complexity="0">
							<lines>
								<line number="92" hits="6" branch="false"/>
								<line number="93" hits="0" branch="false"/>
								<line number="94" hits="6" branch="false"/>
								<line number="95" hits="6" branch="false"/>
							</lines>
						</method>
						<method name="splitPrefixes" signature="(Ljava/lang/String;)[Ljava/lang/String;" line-rate="1.0" branch-rate="1.0" complexity="0">
							<lines>
								<line number="136" hits="3" branch="false"/>
								<line number="137" hits="3" branch="false"/>
								<line number="138" hits="3" branch="false"/>
								<line number="139" hits="3" branch="true" condition-coverage="100% (2/2)">
									<conditions>
										<condition number="0" type="jump" coverage="100%"/>
									</conditions>
								</line>
								<line number="140" hits="1" branch="false"/>
								<line number="141" hits="1" branch="false"/>
								<line number="143" hits="3" branch="false"/>
								<line number="144" hits="3" branch="false"/>
								<line number="145" hits="3" branch="false"/>
								<line number="146" hits="3" branch="false"/>
								<line number="147" hits="3" branch="false"/>
							</lines>
						</method>
						<method name="unserialisedQuery" signature="(Ljava/lang/String;)Ljava/lang/String;" line-rate="0.7333333333333333" branch-rate="0.125" complexity="0">
							<lines>
								<line number="68" hits="14" branch="false"/>
								<line number="70" hits="14" branch="false"/>
								<line number="72" hits="14" branch="false"/>
								<line number="74" hits="28" branch="false"/>
								<line number="75" hits="14" branch="false"/>
								<line number="76" hits="14" branch="false"/>
								<line number="77" hits="14" branch="false"/>
								<line number="78" hits="14" branch="false"/>
								<line number="79" hits="14" branch="true" condition-coverage="50% (1/2)">
									<conditions>
										<condition number="0" type="jump" coverage="50%"/>
									</conditions>
								</line>
								<line number="80" hits="14" branch="false"/>
								<line number="81" hits="14" branch="false"/>
								<line number="83" hits="0" branch="false"/>
								<line number="84" hits="0" branch="true" condition-coverage="0% (0/6)">
									<conditions>
										<condition number="0" type="jump" coverage="0%"/>
										<condition number="1" type="jump" coverage="0%"/>
										<condition number="2" type="jump" coverage="0%"/>
									</conditions>
								</line>
								<line number="85" hits="0" branch="false"/>
								<line number="87" hits="0" branch="false"/>
							</lines>
						</method>
					</methods>
					<lines>
						<line number="57" hits="2" branch="false"/>
						<line number="58" hits="2" branch="false"/>
						<line number="59" hits="2" branch="false"/>
						<line number="60" hits="2" branch="false"/>
						<line number="61" hits="2" branch="false"/>
						<line number="64" hits="14" branch="false"/>
						<line number="68" hits="14" branch="false"/>
						<line number="70" hits="14" branch="false"/>
						<line number="72" hits="14" branch="false"/>
						<line number="74" hits="28" branch="false"/>
						<line number="75" hits="14" branch="false"/>
						<line number="76" hits="14" branch="false"/>
						<line number="77" hits="14" branch="false"/>
						<line number="78" hits="14" branch="false"/>
						<line number="79" hits="14" branch="true" condition-coverage="50% (1/2)">
							<conditions>
								<condition number="0" type="jump" coverage="50%"/>
							</conditions>
						</line>
						<line number="80" hits="14" branch="false"/>
						<line number="81" hits="14" branch="false"/>
						<line number="83" hits="0" branch="false"/>
						<line number="84" hits="0" branch="true" condition-coverage="0% (0/6)">
							<conditions>
								<condition number="0" type="jump" coverage="0%"/>
								<condition number="1" type="jump" coverage="0%"/>
								<condition number="2" type="jump" coverage="0%"/>
							</conditions>
						</line>
						<line number="85" hits="0" branch="false"/>
						<line number="87" hits="0" branch="false"/>
						<line number="92" hits="6" branch="false"/>
						<line number="93" hits="0" branch="false"/>
						<line number="94" hits="6" branch="false"/>
						<line number="95" hits="6" branch="false"/>
						<line number="100" hits="20" branch="false"/>
						<line number="104" hits="15" branch="false"/>
						<line number="108" hits="15" branch="false"/>
						<line number="110" hits="15" branch="false"/>
						<line number="111" hits="15" branch="false"/>
						<line number="112" hits="0" branch="false"/>
						<line number="117" hits="15" branch="false"/>
						<line number="118" hits="51" branch="true" condition-coverage="100% (2/2)">
							<conditions>
								<condition number="0" type="jump" coverage="100%"/>
							</conditions>
						</line>
						<line number="119" hits="36" branch="false"/>
						<line number="121" hits="15" branch="false"/>
						<line number="136" hits="3" branch="false"/>
						<line number="137" hits="3" branch="false"/>
						<line number="138" hits="3" branch="false"/>
						<line number="139" hits="3" branch="true" condition-coverage="100% (2/2)">
							<conditions>
								<condition number="0" type="jump" coverage="100%"/>
							</conditions>
						</line>
						<line number="140" hits="1" branch="false"/>
						<line number="141" hits="1" branch="false"/>
						<line number="143" hits="3" branch="false"/>
						<line number="144" hits="3" branch="false"/>
						<line number="145" hits="3" branch="false"/>
						<line number="146" hits="3" branch="false"/>
						<line number="147" hits="3" branch="false"/>
						<line number="151" hits="0" branch="false"/>
						<line number="154" hits="0" branch="false"/>
						<line number="155" hits="0" branch="false"/>
						<line number="156" hits="0" branch="false"/>
						<line number="157" hits="0" branch="false"/>
					</lines>
				</class>
				<class name="org.universAAL.security.authorisator.ProjectActivator" filename="org/universAAL/security/authorisator/ProjectActivator.java" line-rate="0.9242424242424242" branch-rate="1.0" complexity="2.5">
					<methods>
						<method name="&lt;init&gt;" signature="()V" line-rate="1.0" branch-rate="1.0" complexity="0">
							<lines>
								<line number="25" hits="1" branch="false"/>
								<line number="52" hits="1" branch="false"/>
							</lines>
						</method>
						<method name="start" signature="(Lorg/universAAL/middleware/container/ModuleContext;)V" line-rate="1.0" branch-rate="1.0" complexity="0">
							<lines>
								<line number="59" hits="1" branch="false"/>
								<line number="61" hits="1" branch="false"/>
								<line number="67" hits="1" branch="false"/>
								<line number="101" hits="1" branch="false"/>
								<line number="107" hits="1" branch="false"/>
								<line number="108" hits="1" branch="false"/>
								<line number="110" hits="1" branch="false"/>
								<line number="111" hits="1" branch="false"/>
								<line number="114" hits="1" branch="false"/>
								<line number="115" hits="1" branch="false"/>
								<line number="117" hits="1" branch="false"/>
								<line number="118" hits="1" branch="false"/>
								<line number="121" hits="1" branch="false"/>
								<line number="122" hits="1" branch="false"/>
								<line number="123" hits="1" branch="false"/>
								<line number="125" hits="1" branch="false"/>
								<line number="128" hits="1" branch="false"/>
								<line number="129" hits="1" branch="false"/>
								<line number="130" hits="1" branch="false"/>
								<line number="132" hits="1" branch="false"/>
								<line number="135" hits="1" branch="false"/>
								<line number="136" hits="1" branch="false"/>
								<line number="137" hits="1" branch="false"/>
								<line number="140" hits="1" branch="false"/>
								<line number="141" hits="1" branch="false"/>
								<line number="142" hits="1" branch="false"/>
								<line number="145" hits="1" branch="false"/>
								<line number="146" hits="1" branch="false"/>
								<line number="147" hits="1" branch="false"/>
								<line number="149" hits="1" branch="false"/>
								<line number="152" hits="1" branch="false"/>
								<line number="153" hits="1" branch="false"/>
								<line number="154" hits="1" branch="false"/>
								<line number="156" hits="1" branch="false"/>
								<line number="159" hits="1" branch="false"/>
								<line number="160" hits="1" branch="false"/>
								<line number="162" hits="1" branch="false"/>
								<line number="165" hits="1" branch="false"/>
								<line number="166" hits="1" branch="false"/>
								<line number="168" hits="1" branch="false"/>
								<line number="177" hits="1" branch="false"/>
								<line number="178" hits="1" branch="false"/>
								<line number="180" hits="1" branch="false"/>
								<line number="182" hits="1" branch="false"/>
								<line number="185" hits="1" branch="false"/>
								<line number="186" hits="1" branch="false"/>
								<line number="188" hits="1" branch="false"/>
								<line number="190" hits="1" branch="false"/>
								<line number="193" hits="1" branch="false"/>
								<line number="194" hits="1" branch="false"/>
								<line number="196" hits="1" branch="false"/>
								<line number="198" hits="1" branch="false"/>
								<line number="201" hits="1" branch="false"/>
								<line number="202" hits="1" branch="false"/>
								<line number="204" hits="1" branch="false"/>
								<line number="206" hits="1" branch="false"/>
								<line number="208" hits="1" branch="false"/>
								<line number="213" hits="1" branch="false"/>
								<line number="214" hits="1" branch="false"/>
							</lines>
						</method>
						<method name="stop" signature="(Lorg/universAAL/middleware/container/ModuleContext;)V" line-rate="0.0" branch-rate="1.0" complexity="0">
							<lines>
								<line number="217" hits="0" branch="false"/>
								<line number="221" hits="0" branch="false"/>
								<line number="223" hits="0" branch="false"/>
								<line number="225" hits="0" branch="false"/>
								<line number="227" hits="0" branch="false"/>
							</lines>
						</method>
					</methods>
					<lines>
						<line number="25" hits="1" branch="false"/>
						<line number="52" hits="1" branch="false"/>
						<line number="59" hits="1" branch="false"/>
						<line number="61" hits="1" branch="false"/>
						<line number="67" hits="1" branch="false"/>
						<line number="101" hits="1" branch="false"/>
						<line number="107" hits="1" branch="false"/>
						<line number="108" hits="1" branch="false"/>
						<line number="110" hits="1" branch="false"/>
						<line number="111" hits="1" branch="false"/>
						<line number="114" hits="1" branch="false"/>
						<line number="115" hits="1" branch="false"/>
						<line number="117" hits="1" branch="false"/>
						<line number="118" hits="1" branch="false"/>
						<line number="121" hits="1" branch="false"/>
						<line number="122" hits="1" branch="false"/>
						<line number="123" hits="1" branch="false"/>
						<line number="125" hits="1" branch="false"/>
						<line number="128" hits="1" branch="false"/>
						<line number="129" hits="1" branch="false"/>
						<line number="130" hits="1" branch="false"/>
						<line number="132" hits="1" branch="false"/>
						<line number="135" hits="1" branch="false"/>
						<line number="136" hits="1" branch="false"/>
						<line number="137" hits="1" branch="false"/>
						<line number="140" hits="1" branch="false"/>
						<line number="141" hits="1" branch="false"/>
						<line number="142" hits="1" branch="false"/>
						<line number="145" hits="1" branch="false"/>
						<line number="146" hits="1" branch="false"/>
						<line number="147" hits="1" branch="false"/>
						<line number="149" hits="1" branch="false"/>
						<line number="152" hits="1" branch="false"/>
						<line number="153" hits="1" branch="false"/>
						<line number="154" hits="1" branch="false"/>
						<line number="156" hits="1" branch="false"/>
						<line number="159" hits="1" branch="false"/>
						<line number="160" hits="1" branch="false"/>
						<line number="162" hits="1" branch="false"/>
						<line number="165" hits="1" branch="false"/>
						<line number="166" hits="1" branch="false"/>
						<line number="168" hits="1" branch="false"/>
						<line number="177" hits="1" branch="false"/>
						<line number="178" hits="1" branch="false"/>
						<line number="180" hits="1" branch="false"/>
						<line number="182" hits="1" branch="false"/>
						<line number="185" hits="1" branch="false"/>
						<line number="186" hits="1" branch="false"/>
						<line number="188" hits="1" branch="false"/>
						<line number="190" hits="1" branch="false"/>
						<line number="193" hits="1" branch="false"/>
						<line number="194" hits="1" branch="false"/>
						<line number="196" hits="1" branch="false"/>
						<line number="198" hits="1" branch="false"/>
						<line number="201" hits="1" branch="false"/>
						<line number="202" hits="1" branch="false"/>
						<line number="204" hits="1" branch="false"/>
						<line number="206" hits="1" branch="false"/>
						<line number="208" hits="1" branch="false"/>
						<line number="213" hits="1" branch="false"/>
						<line number="214" hits="1" branch="false"/>
						<line number="217" hits="0" branch="false"/>
						<line number="221" hits="0" branch="false"/>
						<line number="223" hits="0" branch="false"/>
						<line number="225" hits="0" branch="false"/>
						<line number="227" hits="0" branch="false"/>
					</lines>
				</class>
				<class name="org.universAAL.security.authorisator.ProjectActivator$1" filename="org/universAAL/security/authorisator/ProjectActivator.java" line-rate="1.0" branch-rate="1.0" complexity="2.5">
					<methods>
						<method name="&lt;init&gt;" signature="(Lorg/universAAL/security/authorisator/ProjectActivator;Ljava/lang/String;)V" line-rate="1.0" branch-rate="1.0" complexity="0">
							<lines>
								<line number="67" hits="1" branch="false"/>
								<line number="69" hits="1" branch="false"/>
							</lines>
						</method>
						<method name="create" signature="()V" line-rate="1.0" branch-rate="1.0" complexity="0">
							<lines>
								<line number="88" hits="1" branch="false"/>
								<line number="89" hits="1" branch="false"/>
								<line number="91" hits="1" branch="false"/>
								<line number="92" hits="1" branch="false"/>
								<line number="94" hits="1" branch="false"/>
								<line number="95" hits="1" branch="false"/>
								<line number="97" hits="1" branch="false"/>
							</lines>
						</method>
					</methods>
					<lines>
						<line number="67" hits="1" branch="false"/>
						<line number="69" hits="1" branch="false"/>
						<line number="88" hits="1" branch="false"/>
						<line number="89" hits="1" branch="false"/>
						<line number="91" hits="1" branch="false"/>
						<line number="92" hits="1" branch="false"/>
						<line number="94" hits="1" branch="false"/>
						<line number="95" hits="1" branch="false"/>
						<line number="97" hits="1" branch="false"/>
					</lines>
				</class>
				<class name="org.universAAL.security.authorisator.ProjectActivator$1$1" filename="org/universAAL/security/authorisator/ProjectActivator.java" line-rate="0.8333333333333334" branch-rate="0.75" complexity="2.5">
					<methods>
						<method name="&lt;init&gt;" signature="(Lorg/universAAL/security/authorisator/ProjectActivator$1;)V" line-rate="1.0" branch-rate="1.0" complexity="0">
							<lines>
								<line number="69" hits="1" branch="false"/>
							</lines>
						</method>
						<method name="createInstance" signature="(Ljava/lang/String;Ljava/lang/String;I)Lorg/universAAL/middleware/rdf/Resource;" line-rate="0.8" branch-rate="0.75" complexity="0">
							<lines>
								<line number="72" hits="6" branch="true" condition-coverage="75% (3/4)">
									<conditions>
										<condition number="0" type="switch" coverage="75%"/>
									</conditions>
								</line>
								<line number="74" hits="2" branch="false"/>
								<line number="76" hits="2" branch="false"/>
								<line number="78" hits="2" branch="false"/>
								<line number="82" hits="0" branch="false"/>
							</lines>
						</method>
					</methods>
					<lines>
						<line number="69" hits="1" branch="false"/>
						<line number="72" hits="6" branch="true" condition-coverage="75% (3/4)">
							<conditions>
								<condition number="0" type="switch" coverage="75%"/>
							</conditions>
						</line>
						<line number="74" hits="2" branch="false"/>
						<line number="76" hits="2" branch="false"/>
						<line number="78" hits="2" branch="false"/>
						<line number="82" hits="0" branch="false"/>
					</lines>
				</class>
			</classes>
		</package>
		<package name="org.universAAL.security.authorisator.access_checkers" line-rate="0.3492063492063492" branch-rate="0.25" complexity="4.333333333333333">
			<classes>
				<class name="org.universAAL.security.authorisator.access_checkers.AssetDefaultAccessChecker" filename="org/universAAL/security/authorisator/access_checkers/AssetDefaultAccessChecker.java" line-rate="0.25" branch-rate="0.125" complexity="5.0">
					<methods>
						<method name="&lt;init&gt;" signature="()V" line-rate="1.0" branch-rate="1.0" complexity="0">
							<lines>
								<line number="35" hits="1" branch="false"/>
							</lines>
						</method>
						<method name="checkAccess" signature="(Lorg/universAAL/middleware/container/ModuleContext;Lorg/universAAL/ontology/profile/User;Lorg/universAAL/middleware/rdf/Resource;)Ljava/util/Set;" line-rate="1.0" branch-rate="1.0" complexity="0">
							<lines>
								<line number="39" hits="4" branch="false"/>
							</lines>
						</method>
						<method name="resolveFromValue" signature="(Ljava/lang/Object;)Ljava/util/Set;" line-rate="0.14285714285714285" branch-rate="0.125" complexity="0">
							<lines>
								<line number="44" hits="4" branch="true" condition-coverage="50% (1/2)">
									<conditions>
										<condition number="0" type="jump" coverage="50%"/>
									</conditions>
								</line>
								<line number="45" hits="4" branch="false"/>
								<line number="47" hits="0" branch="false"/>
								<line number="48" hits="0" branch="true" condition-coverage="0% (0/2)">
									<conditions>
										<condition number="0" type="jump" coverage="0%"/>
									</conditions>
								</line>
								<line number="49" hits="0" branch="false"/>
								<line number="51" hits="0" branch="true" condition-coverage="0% (0/2)">
									<conditions>
										<condition number="0" type="jump" coverage="0%"/>
									</conditions>
								</line>
								<line number="52" hits="0" branch="false"/>
								<line number="53" hits="0" branch="false"/>
								<line number="54" hits="0" branch="false"/>
								<line number="56" hits="0" branch="true" condition-coverage="0% (0/2)">
									<conditions>
										<condition number="0" type="jump" coverage="0%"/>
									</conditions>
								</line>
								<line number="57" hits="0" branch="false"/>
								<line number="58" hits="0" branch="false"/>
								<line number="59" hits="0" branch="false"/>
								<line number="61" hits="0" branch="false"/>
							</lines>
						</method>
					</methods>
					<lines>
						<line number="35" hits="1" branch="false"/>
						<line number="39" hits="4" branch="false"/>
						<line number="44" hits="4" branch="true" condition-coverage="50% (1/2)">
							<conditions>
								<condition number="0" type="jump" coverage="50%"/>
							</conditions>
						</line>
						<line number="45" hits="4" branch="false"/>
						<line number="47" hits="0" branch="false"/>
						<line number="48" hits="0" branch="true" condition-coverage="0% (0/2)">
							<conditions>
								<condition number="0" type="jump" coverage="0%"/>
							</conditions>
						</line>
						<line number="49" hits="0" branch="false"/>
						<line number="51" hits="0" branch="true" condition-coverage="0% (0/2)">
							<conditions>
								<condition number="0" type="jump" coverage="0%"/>
							</conditions>
						</line>
						<line number="52" hits="0" branch="false"/>
						<line number="53" hits="0" branch="false"/>
						<line number="54" hits="0" branch="false"/>
						<line number="56" hits="0" branch="true" condition-coverage="0% (0/2)">
							<conditions>
								<condition number="0" type="jump" coverage="0%"/>
							</conditions>
						</line>
						<line number="57" hits="0" branch="false"/>
						<line number="58" hits="0" branch="false"/>
						<line number="59" hits="0" branch="false"/>
						<line number="61" hits="0" branch="false"/>
					</lines>
				</class>
				<class name="org.universAAL.security.authorisator.access_checkers.CheckUserRoles" filename="org/universAAL/security/authorisator/access_checkers/CheckUserRoles.java" line-rate="0.3829787234042553" branch-rate="0.3" complexity="4.0">
					<methods>
						<method name="&lt;init&gt;" signature="()V" line-rate="1.0" branch-rate="1.0" complexity="0">
							<lines>
								<line number="40" hits="1" branch="false"/>
							</lines>
						</method>
						<method name="checkAccess" signature="(Lorg/universAAL/middleware/container/ModuleContext;Lorg/universAAL/ontology/profile/User;Lorg/universAAL/middleware/rdf/Resource;)Ljava/util/Set;" line-rate="0.4666666666666667" branch-rate="0.25" complexity="0">
							<lines>
								<line number="52" hits="4" branch="false"/>
								<line number="56" hits="4" branch="false"/>
								<line number="57" hits="4" branch="false"/>
								<line number="58" hits="4" branch="false"/>
								<line number="59" hits="4" branch="true" condition-coverage="50% (1/2)">
									<conditions>
										<condition number="0" type="jump" coverage="50%"/>
									</conditions>
								</line>
								<line number="60" hits="4" branch="false"/>
								<line number="61" hits="4" branch="false"/>
								<line number="65" hits="0" branch="false"/>
								<line number="66" hits="0" branch="false"/>
								<line number="67" hits="0" branch="false"/>
								<line number="68" hits="0" branch="true" condition-coverage="0% (0/2)">
									<conditions>
										<condition number="0" type="jump" coverage="0%"/>
									</conditions>
								</line>
								<line number="69" hits="0" branch="false"/>
								<line number="70" hits="0" branch="false"/>
								<line number="71" hits="0" branch="false"/>
								<line number="75" hits="0" branch="false"/>
							</lines>
						</method>
						<method name="getSecuritySubProfile" signature="(Lorg/universAAL/middleware/container/ModuleContext;Lorg/universAAL/ontology/profile/User;)Lorg/universAAL/ontology/security/SecuritySubprofile;" line-rate="0.29411764705882354" branch-rate="0.16666666666666666" complexity="0">
							<lines>
								<line number="101" hits="8" branch="false"/>
								<line number="102" hits="4" branch="false"/>
								<line number="104" hits="4" branch="true" condition-coverage="50% (1/2)">
									<conditions>
										<condition number="0" type="jump" coverage="50%"/>
									</conditions>
								</line>
								<line number="106" hits="0" branch="false"/>
								<line number="107" hits="0" branch="true" condition-coverage="0% (0/2)">
									<conditions>
										<condition number="0" type="jump" coverage="0%"/>
									</conditions>
								</line>
								<line number="108" hits="0" branch="false"/>
								<line number="109" hits="0" branch="false"/>
								<line number="110" hits="0" branch="false"/>
								<line number="111" hits="0" branch="false"/>
								<line number="112" hits="0" branch="true" condition-coverage="0% (0/2)">
									<conditions>
										<condition number="0" type="jump" coverage="0%"/>
									</conditions>
								</line>
								<line number="115" hits="0" branch="false"/>
								<line number="117" hits="0" branch="false"/>
								<line number="118" hits="0" branch="false"/>
								<line number="119" hits="0" branch="false"/>
								<line number="121" hits="0" branch="false"/>
								<line number="123" hits="4" branch="false"/>
								<line number="125" hits="4" branch="false"/>
							</lines>
						</method>
						<method name="init" signature="(Lorg/universAAL/middleware/container/ModuleContext;)V" line-rate="1.0" branch-rate="1.0" complexity="0">
							<lines>
								<line number="79" hits="4" branch="true" condition-coverage="100% (2/2)">
									<conditions>
										<condition number="0" type="jump" coverage="100%"/>
									</conditions>
								</line>
								<line number="80" hits="1" branch="false"/>
								<line number="82" hits="4" branch="true" condition-coverage="100% (2/2)">
									<conditions>
										<condition number="0" type="jump" coverage="100%"/>
									</conditions>
								</line>
								<line number="83" hits="1" branch="false"/>
								<line number="85" hits="4" branch="false"/>
							</lines>
						</method>
						<method name="matchAccessRightsWAsset" signature="(Ljava/util/Set;Lorg/universAAL/middleware/rdf/Resource;)Ljava/util/HashSet;" line-rate="0.0" branch-rate="0.0" complexity="0">
							<lines>
								<line number="88" hits="0" branch="false"/>
								<line number="89" hits="0" branch="true" condition-coverage="0% (0/2)">
									<conditions>
										<condition number="0" type="jump" coverage="0%"/>
									</conditions>
								</line>
								<line number="90" hits="0" branch="false"/>
								<line number="91" hits="0" branch="true" condition-coverage="0% (0/4)">
									<conditions>
										<condition number="0" type="jump" coverage="0%"/>
										<condition number="1" type="jump" coverage="0%"/>
									</conditions>
								</line>
								<line number="92" hits="0" branch="false"/>
								<line number="93" hits="0" branch="false"/>
								<line number="95" hits="0" branch="false"/>
								<line number="96" hits="0" branch="false"/>
								<line number="97" hits="0" branch="false"/>
							</lines>
						</method>
					</methods>
					<lines>
						<line number="40" hits="1" branch="false"/>
						<line number="52" hits="4" branch="false"/>
						<line number="56" hits="4" branch="false"/>
						<line number="57" hits="4" branch="false"/>
						<line number="58" hits="4" branch="false"/>
						<line number="59" hits="4" branch="true" condition-coverage="50% (1/2)">
							<conditions>
								<condition number="0" type="jump" coverage="50%"/>
							</conditions>
						</line>
						<line number="60" hits="4" branch="false"/>
						<line number="61" hits="4" branch="false"/>
						<line number="65" hits="0" branch="false"/>
						<line number="66" hits="0" branch="false"/>
						<line number="67" hits="0" branch="false"/>
						<line number="68" hits="0" branch="true" condition-coverage="0% (0/2)">
							<conditions>
								<condition number="0" type="jump" coverage="0%"/>
							</conditions>
						</line>
						<line number="69" hits="0" branch="false"/>
						<line number="70" hits="0" branch="false"/>
						<line number="71" hits="0" branch="false"/>
						<line number="75" hits="0" branch="false"/>
						<line number="79" hits="4" branch="true" condition-coverage="100% (2/2)">
							<conditions>
								<condition number="0" type="jump" coverage="100%"/>
							</conditions>
						</line>
						<line number="80" hits="1" branch="false"/>
						<line number="82" hits="4" branch="true" condition-coverage="100% (2/2)">
							<conditions>
								<condition number="0" type="jump" coverage="100%"/>
							</conditions>
						</line>
						<line number="83" hits="1" branch="false"/>
						<line number="85" hits="4" branch="false"/>
						<line number="88" hits="0" branch="false"/>
						<line number="89" hits="0" branch="true" condition-coverage="0% (0/2)">
							<conditions>
								<condition number="0" type="jump" coverage="0%"/>
							</conditions>
						</line>
						<line number="90" hits="0" branch="false"/>
						<line number="91" hits="0" branch="true" condition-coverage="0% (0/4)">
							<conditions>
								<condition number="0" type="jump" coverage="0%"/>
								<condition number="1" type="jump" coverage="0%"/>
							</conditions>
						</line>
						<line number="92" hits="0" branch="false"/>
						<line number="93" hits="0" branch="false"/>
						<line number="95" hits="0" branch="false"/>
						<line number="96" hits="0" branch="false"/>
						<line number="97" hits="0" branch="false"/>
						<line number="101" hits="8" branch="false"/>
						<line number="102" hits="4" branch="false"/>
						<line number="104" hits="4" branch="true" condition-coverage="50% (1/2)">
							<conditions>
								<condition number="0" type="jump" coverage="50%"/>
							</conditions>
						</line>
						<line number="106" hits="0" branch="false"/>
						<line number="107" hits="0" branch="true" condition-coverage="0% (0/2)">
							<conditions>
								<condition number="0" type="jump" coverage="0%"/>
							</conditions>
						</line>
						<line number="108" hits="0" branch="false"/>
						<line number="109" hits="0" branch="false"/>
						<line number="110" hits="0" branch="false"/>
						<line number="111" hits="0" branch="false"/>
						<line number="112" hits="0" branch="true" condition-coverage="0% (0/2)">
							<conditions>
								<condition number="0" type="jump" coverage="0%"/>
							</conditions>
						</line>
						<line number="115" hits="0" branch="false"/>
						<line number="117" hits="0" branch="false"/>
						<line number="118" hits="0" branch="false"/>
						<line number="119" hits="0" branch="false"/>
						<line number="121" hits="0" branch="false"/>
						<line number="123" hits="4" branch="false"/>
						<line number="125" hits="4" branch="false"/>
					</lines>
				</class>
			</classes>
		</package>
		<package name="org.universAAL.security.authorisator.interfaces" line-rate="1.0" branch-rate="1.0" complexity="1.0">
			<classes>
				<class name="org.universAAL.security.authorisator.interfaces.AccessChecker" filename="org/universAAL/security/authorisator/interfaces/AccessChecker.java" line-rate="1.0" branch-rate="1.0" complexity="1.0">
					<methods>
					</methods>
					<lines>
					</lines>
				</class>
			</classes>
		</package>
		<package name="org.universAAL.security.authorisator.profiles" line-rate="0.7586206896551724" branch-rate="0.875" complexity="1.8">
			<classes>
				<class name="org.universAAL.security.authorisator.profiles.AuthorisationServiceProfile" filename="org/universAAL/security/authorisator/profiles/AuthorisationServiceProfile.java" line-rate="0.8" branch-rate="0.875" complexity="3.0">
					<methods>
						<method name="&lt;clinit&gt;" signature="()V" line-rate="1.0" branch-rate="1.0" complexity="0">
							<lines>
								<line number="28" hits="1" branch="false"/>
							</lines>
						</method>
						<method name="&lt;init&gt;" signature="()V" line-rate="0.0" branch-rate="1.0" complexity="0">
							<lines>
								<line number="33" hits="0" branch="false"/>
								<line number="34" hits="0" branch="false"/>
							</lines>
						</method>
						<method name="&lt;init&gt;" signature="(Ljava/lang/String;)V" line-rate="1.0" branch-rate="1.0" complexity="0">
							<lines>
								<line number="40" hits="6" branch="false"/>
								<line number="41" hits="6" branch="false"/>
							</lines>
						</method>
						<method name="getAccessType" signature="(Ljava/lang/String;)Lorg/universAAL/ontology/security/AccessType;" line-rate="0.8888888888888888" branch-rate="0.875" complexity="0">
							<lines>
								<line number="50" hits="4" branch="true" condition-coverage="100% (2/2)">
									<conditions>
										<condition number="0" type="jump" coverage="100%"/>
									</conditions>
								</line>
								<line number="51" hits="1" branch="false"/>
								<line number="53" hits="3" branch="true" condition-coverage="100% (2/2)">
									<conditions>
										<condition number="0" type="jump" coverage="100%"/>
									</conditions>
								</line>
								<line number="54" hits="1" branch="false"/>
								<line number="56" hits="2" branch="true" condition-coverage="100% (2/2)">
									<conditions>
										<condition number="0" type="jump" coverage="100%"/>
									</conditions>
								</line>
								<line number="57" hits="1" branch="false"/>
								<line number="59" hits="1" branch="true" condition-coverage="50% (1/2)">
									<conditions>
										<condition number="0" type="jump" coverage="50%"/>
									</conditions>
								</line>
								<line number="60" hits="1" branch="false"/>
								<line number="62" hits="0" branch="false"/>
							</lines>
						</method>
						<method name="getClassURI" signature="()Ljava/lang/String;" line-rate="1.0" branch-rate="1.0" complexity="0">
							<lines>
								<line number="46" hits="46" branch="false"/>
							</lines>
						</method>
					</methods>
					<lines>
						<line number="28" hits="1" branch="false"/>
						<line number="33" hits="0" branch="false"/>
						<line number="34" hits="0" branch="false"/>
						<line number="40" hits="6" branch="false"/>
						<line number="41" hits="6" branch="false"/>
						<line number="46" hits="46" branch="false"/>
						<line number="50" hits="4" branch="true" condition-coverage="100% (2/2)">
							<conditions>
								<condition number="0" type="jump" coverage="100%"/>
							</conditions>
						</line>
						<line number="51" hits="1" branch="false"/>
						<line number="53" hits="3" branch="true" condition-coverage="100% (2/2)">
							<conditions>
								<condition number="0" type="jump" coverage="100%"/>
							</conditions>
						</line>
						<line number="54" hits="1" branch="false"/>
						<line number="56" hits="2" branch="true" condition-coverage="100% (2/2)">
							<conditions>
								<condition number="0" type="jump" coverage="100%"/>
							</conditions>
						</line>
						<line number="57" hits="1" branch="false"/>
						<line number="59" hits="1" branch="true" condition-coverage="50% (1/2)">
							<conditions>
								<condition number="0" type="jump" coverage="50%"/>
							</conditions>
						</line>
						<line number="60" hits="1" branch="false"/>
						<line number="62" hits="0" branch="false"/>
					</lines>
				</class>
				<class name="org.universAAL.security.authorisator.profiles.RoleMngServiceProfile" filename="org/universAAL/security/authorisator/profiles/RoleMngServiceProfile.java" line-rate="0.6666666666666666" branch-rate="1.0" complexity="1.0">
					<methods>
						<method name="&lt;clinit&gt;" signature="()V" line-rate="1.0" branch-rate="1.0" complexity="0">
							<lines>
								<line number="27" hits="1" branch="false"/>
							</lines>
						</method>
						<method name="&lt;init&gt;" signature="()V" line-rate="0.0" branch-rate="1.0" complexity="0">
							<lines>
								<line number="32" hits="0" branch="false"/>
								<line number="33" hits="0" branch="false"/>
							</lines>
						</method>
						<method name="&lt;init&gt;" signature="(Ljava/lang/String;)V" line-rate="1.0" branch-rate="1.0" complexity="0">
							<lines>
								<line number="39" hits="10" branch="false"/>
								<line number="40" hits="10" branch="false"/>
							</lines>
						</method>
						<method name="getClassURI" signature="()Ljava/lang/String;" line-rate="1.0" branch-rate="1.0" complexity="0">
							<lines>
								<line number="45" hits="78" branch="false"/>
							</lines>
						</method>
					</methods>
					<lines>
						<line number="27" hits="1" branch="false"/>
						<line number="32" hits="0" branch="false"/>
						<line number="33" hits="0" branch="false"/>
						<line number="39" hits="10" branch="false"/>
						<line number="40" hits="10" branch="false"/>
						<line number="45" hits="78" branch="false"/>
					</lines>
				</class>
				<class name="org.universAAL.security.authorisator.profiles.SecuritySubProfileRoleManagement" filename="org/universAAL/security/authorisator/profiles/SecuritySubProfileRoleManagement.java" line-rate="0.75" branch-rate="1.0" complexity="1.0">
					<methods>
						<method name="&lt;clinit&gt;" signature="()V" line-rate="1.0" branch-rate="1.0" complexity="0">
							<lines>
								<line number="31" hits="1" branch="false"/>
								<line number="33" hits="1" branch="false"/>
								<line number="35" hits="1" branch="false"/>
							</lines>
						</method>
						<method name="&lt;init&gt;" signature="()V" line-rate="0.0" branch-rate="1.0" complexity="0">
							<lines>
								<line number="41" hits="0" branch="false"/>
								<line number="42" hits="0" branch="false"/>
							</lines>
						</method>
						<method name="&lt;init&gt;" signature="(Ljava/lang/String;)V" line-rate="1.0" branch-rate="1.0" complexity="0">
							<lines>
								<line number="48" hits="4" branch="false"/>
								<line number="49" hits="4" branch="false"/>
							</lines>
						</method>
						<method name="getClassURI" signature="()Ljava/lang/String;" line-rate="1.0" branch-rate="1.0" complexity="0">
							<lines>
								<line number="54" hits="20" branch="false"/>
							</lines>
						</method>
					</methods>
					<lines>
						<line number="31" hits="1" branch="false"/>
						<line number="33" hits="1" branch="false"/>
						<line number="35" hits="1" branch="false"/>
						<line number="41" hits="0" branch="false"/>
						<line number="42" hits="0" branch="false"/>
						<line number="48" hits="4" branch="false"/>
						<line number="49" hits="4" branch="false"/>
						<line number="54" hits="20" branch="false"/>
					</lines>
				</class>
			</classes>
		</package>
	</packages>
</coverage>
